<?xml version="1.0" encoding="UTF-8"?>
<testng-results ignored="0" total="1" passed="0" failed="1" skipped="0">
  <reporter-output>
  </reporter-output>
  <suite started-at="2024-11-13T10:03:22 IST" name="Suite" finished-at="2024-11-13T10:03:39 IST" duration-ms="16908">
    <groups>
      <group name="Sanity">
        <method signature="TC001_DashBoardTest.Verify_DashBoardElements()[pri:0, instance:com.orangeHRM.Framework.TestPages.TC001_DashBoardTest@1fa1cab1]" name="Verify_DashBoardElements" class="com.orangeHRM.Framework.TestPages.TC001_DashBoardTest"/>
      </group> <!-- Sanity -->
      <group name="Regression">
        <method signature="TC001_DashBoardTest.Verify_DashBoardElements()[pri:0, instance:com.orangeHRM.Framework.TestPages.TC001_DashBoardTest@1fa1cab1]" name="Verify_DashBoardElements" class="com.orangeHRM.Framework.TestPages.TC001_DashBoardTest"/>
      </group> <!-- Regression -->
    </groups>
    <test started-at="2024-11-13T10:03:22 IST" name="Test" finished-at="2024-11-13T10:03:39 IST" duration-ms="16908">
      <class name="com.orangeHRM.Framework.TestPages.TC001_DashBoardTest">
        <test-method is-config="true" signature="setup(java.lang.String,java.lang.String)[pri:0, instance:com.orangeHRM.Framework.TestPages.TC001_DashBoardTest@1fa1cab1]" started-at="2024-11-13T10:03:22 IST" name="setup" finished-at="2024-11-13T10:03:28 IST" duration-ms="6132" status="PASS">
          <params>
            <param index="0">
              <value>
                <![CDATA[windows]]>
              </value>
            </param>
            <param index="1">
              <value>
                <![CDATA[chrome]]>
              </value>
            </param>
          </params>
          <reporter-output>
          </reporter-output>
        </test-method> <!-- setup -->
        <test-method signature="Verify_DashBoardElements()[pri:0, instance:com.orangeHRM.Framework.TestPages.TC001_DashBoardTest@1fa1cab1]" started-at="2024-11-13T10:03:28 IST" name="Verify_DashBoardElements" finished-at="2024-11-13T10:03:38 IST" duration-ms="10220" status="FAIL">
          <exception class="java.lang.AssertionError">
            <message>
              <![CDATA[expected [true] but found [false]]]>
            </message>
            <full-stacktrace>
              <![CDATA[java.lang.AssertionError: expected [true] but found [false]
at org.testng.Assert.fail(Assert.java:99)
at org.testng.Assert.failNotEquals(Assert.java:1037)
at org.testng.Assert.assertEqualsImpl(Assert.java:140)
at org.testng.Assert.assertEquals(Assert.java:122)
at org.testng.Assert.assertEquals(Assert.java:819)
at org.testng.Assert.assertEquals(Assert.java:829)
at com.orangeHRM.Framework.TestPages.TC001_DashBoardTest.Verify_DashBoardElements(TC001_DashBoardTest.java:29)
at java.base/jdk.internal.reflect.DirectMethodHandleAccessor.invoke(DirectMethodHandleAccessor.java:103)
at java.base/java.lang.reflect.Method.invoke(Method.java:580)
at org.testng.internal.MethodInvocationHelper.invokeMethod(MethodInvocationHelper.java:133)
at org.testng.internal.TestInvoker.invokeMethod(TestInvoker.java:598)
at org.testng.internal.TestInvoker.invokeTestMethod(TestInvoker.java:173)
at org.testng.internal.MethodRunner.runInSequence(MethodRunner.java:46)
at org.testng.internal.TestInvoker$MethodInvocationAgent.invoke(TestInvoker.java:824)
at org.testng.internal.TestInvoker.invokeTestMethods(TestInvoker.java:146)
at org.testng.internal.TestMethodWorker.invokeTestMethods(TestMethodWorker.java:146)
at org.testng.internal.TestMethodWorker.run(TestMethodWorker.java:128)
at java.base/java.util.ArrayList.forEach(ArrayList.java:1596)
at org.testng.TestRunner.privateRun(TestRunner.java:794)
at org.testng.TestRunner.run(TestRunner.java:596)
at org.testng.SuiteRunner.runTest(SuiteRunner.java:377)
at org.testng.SuiteRunner.runSequentially(SuiteRunner.java:371)
at org.testng.SuiteRunner.privateRun(SuiteRunner.java:332)
at org.testng.SuiteRunner.run(SuiteRunner.java:276)
at org.testng.SuiteRunnerWorker.runSuite(SuiteRunnerWorker.java:53)
at org.testng.SuiteRunnerWorker.run(SuiteRunnerWorker.java:96)
at org.testng.TestNG.runSuitesSequentially(TestNG.java:1212)
at org.testng.TestNG.runSuitesLocally(TestNG.java:1134)
at org.testng.TestNG.runSuites(TestNG.java:1063)
at org.testng.TestNG.run(TestNG.java:1031)
at org.testng.remote.AbstractRemoteTestNG.run(AbstractRemoteTestNG.java:115)
at org.testng.remote.RemoteTestNG.initAndRun(RemoteTestNG.java:293)
at org.testng.remote.RemoteTestNG.main(RemoteTestNG.java:91)
]]>
            </full-stacktrace>
          </exception> <!-- java.lang.AssertionError -->
          <reporter-output>
          </reporter-output>
        </test-method> <!-- Verify_DashBoardElements -->
        <test-method is-config="true" signature="tearDown()[pri:0, instance:com.orangeHRM.Framework.TestPages.TC001_DashBoardTest@1fa1cab1]" started-at="2024-11-13T10:03:38 IST" name="tearDown" finished-at="2024-11-13T10:03:39 IST" duration-ms="245" status="PASS">
          <reporter-output>
          </reporter-output>
        </test-method> <!-- tearDown -->
      </class> <!-- com.orangeHRM.Framework.TestPages.TC001_DashBoardTest -->
    </test> <!-- Test -->
  </suite> <!-- Suite -->
</testng-results>
